<?xml version="1.0" encoding="UTF-8"?>
<!-- Generated by org.testng.reporters.JUnitReportReporter -->
<testsuite hostname="DESKTOP-KGJQLO1" failures="0" tests="1" name="org.webTable.WebTable" time="22.878" errors="0" timestamp="2023-02-15T18:15:52 IST" skipped="0">
  <testcase classname="org.webTable.WebTable" name="webTable" time="22.878"/>
  <system-out/>
</testsuite> <!-- org.webTable.WebTable -->
